I[09:58:02.676] clangd version 16.0.2 (https://github.com/llvm/llvm-project 18ddebe1a1a9bde349441631365f0472e9693520)
I[09:58:02.677] Features: windows+grpc
I[09:58:02.677] PID: 2560
I[09:58:02.677] Working directory: d:\Jupj\Cpp_Test
I[09:58:02.677] argv[0]: D:\tools\bin\clangd.exe
I[09:58:02.677] argv[1]: -log=verbose
V[09:58:02.683] User config file is C:\Users\DELL\AppData\Local\clangd\config.yaml
I[09:58:02.683] Starting LSP over stdin/stdout
V[09:58:03.226] <<< {"id":0,"jsonrpc":"2.0","method":"initialize","params":{"capabilities":{"general":{"markdown":{"parser":"marked","version":"1.1.0"},"positionEncodings":["utf-16"],"regularExpressions":{"engine":"ECMAScript","version":"ES2020"},"staleRequestSupport":{"cancel":true,"retryOnContentModified":["textDocument/semanticTokens/full","textDocument/semanticTokens/range","textDocument/semanticTokens/full/delta"]}},"notebookDocument":{"synchronization":{"dynamicRegistration":true,"executionSummarySupport":true}},"textDocument":{"callHierarchy":{"dynamicRegistration":true},"codeAction":{"codeActionLiteralSupport":{"codeActionKind":{"valueSet":["","quickfix","refactor","refactor.extract","refactor.inline","refactor.rewrite","source","source.organizeImports"]}},"dataSupport":true,"disabledSupport":true,"dynamicRegistration":true,"honorsChangeAnnotations":false,"isPreferredSupport":true,"resolveSupport":{"properties":["edit"]}},"codeLens":{"dynamicRegistration":true},"colorProvider":{"dynamicRegistration":true},"completion":{"completionItem":{"commitCharactersSupport":true,"deprecatedSupport":true,"documentationFormat":["markdown","plaintext"],"insertReplaceSupport":true,"insertTextModeSupport":{"valueSet":[1,2]},"labelDetailsSupport":true,"preselectSupport":true,"resolveSupport":{"properties":["documentation","detail","additionalTextEdits"]},"snippetSupport":true,"tagSupport":{"valueSet":[1]}},"completionItemKind":{"valueSet":[1,2,3,4,5,6,7,8,9,10,11,12,13,14,15,16,17,18,19,20,21,22,23,24,25]},"completionList":{"itemDefaults":["commitCharacters","editRange","insertTextFormat","insertTextMode"]},"contextSupport":true,"dynamicRegistration":true,"editsNearCursor":true,"insertTextMode":2},"declaration":{"dynamicRegistration":true,"linkSupport":true},"definition":{"dynamicRegistration":true,"linkSupport":true},"diagnostic":{"dynamicRegistration":true,"relatedDocumentSupport":false},"documentHighlight":{"dynamicRegistration":true},"documentLink":{"dynamicRegistration":true,"tooltipSupport":true},"documentSymbol":{"dynamicRegistration":true,"hierarchicalDocumentSymbolSupport":true,"labelSupport":true,"symbolKind":{"valueSet":[1,2,3,4,5,6,7,8,9,10,11,12,13,14,15,16,17,18,19,20,21,22,23,24,25,26]},"tagSupport":{"valueSet":[1]}},"foldingRange":{"dynamicRegistration":true,"foldingRange":{"collapsedText":false},"foldingRangeKind":{"valueSet":["comment","imports","region"]},"lineFoldingOnly":true,"rangeLimit":5000},"formatting":{"dynamicRegistration":true},"hover":{"contentFormat":["markdown","plaintext"],"dynamicRegistration":true},"implementation":{"dynamicRegistration":true,"linkSupport":true},"inlayHint":{"dynamicRegistration":true,"resolveSupport":{"properties":["tooltip","textEdits","label.tooltip","label.location","label.command"]}},"inlineValue":{"dynamicRegistration":true},"linkedEditingRange":{"dynamicRegistration":true},"onTypeFormatting":{"dynamicRegistration":true},"publishDiagnostics":{"codeDescriptionSupport":true,"dataSupport":true,"relatedInformation":true,"tagSupport":{"valueSet":[1,2]},"versionSupport":false},"rangeFormatting":{"dynamicRegistration":true},"references":{"dynamicRegistration":true},"rename":{"dynamicRegistration":true,"honorsChangeAnnotations":true,"prepareSupport":true,"prepareSupportDefaultBehavior":1},"selectionRange":{"dynamicRegistration":true},"semanticTokens":{"augmentsSyntaxTokens":true,"dynamicRegistration":true,"formats":["relative"],"multilineTokenSupport":false,"overlappingTokenSupport":false,"requests":{"full":{"delta":true},"range":true},"serverCancelSupport":true,"tokenModifiers":["declaration","definition","readonly","static","deprecated","abstract","async","modification","documentation","defaultLibrary"],"tokenTypes":["namespace","type","class","enum","interface","struct","typeParameter","parameter","variable","property","enumMember","event","function","method","macro","keyword","modifier","comment","string","number","regexp","operator","decorator"]},"signatureHelp":{"contextSupport":true,"dynamicRegistration":true,"signatureInformation":{"activeParameterSupport":true,"documentationFormat":["markdown","plaintext"],"parameterInformation":{"labelOffsetSupport":true}}},"synchronization":{"didSave":true,"dynamicRegistration":true,"willSave":true,"willSaveWaitUntil":true},"typeDefinition":{"dynamicRegistration":true,"linkSupport":true},"typeHierarchy":{"dynamicRegistration":true}},"window":{"showDocument":{"support":true},"showMessage":{"messageActionItem":{"additionalPropertiesSupport":true}},"workDoneProgress":true},"workspace":{"applyEdit":true,"codeLens":{"refreshSupport":true},"configuration":true,"diagnostics":{"refreshSupport":true},"didChangeConfiguration":{"dynamicRegistration":true},"didChangeWatchedFiles":{"dynamicRegistration":true,"relativePatternSupport":true},"executeCommand":{"dynamicRegistration":true},"fileOperations":{"didCreate":true,"didDelete":true,"didRename":true,"dynamicRegistration":true,"willCreate":true,"willDelete":true,"willRename":true},"inlayHint":{"refreshSupport":true},"inlineValue":{"refreshSupport":true},"semanticTokens":{"refreshSupport":true},"symbol":{"dynamicRegistration":true,"resolveSupport":{"properties":["location.range"]},"symbolKind":{"valueSet":[1,2,3,4,5,6,7,8,9,10,11,12,13,14,15,16,17,18,19,20,21,22,23,24,25,26]},"tagSupport":{"valueSet":[1]}},"workspaceEdit":{"changeAnnotationSupport":{"groupsOnLabel":true},"documentChanges":true,"failureHandling":"textOnlyTransactional","normalizesLineEndings":true,"resourceOperations":["create","rename","delete"]},"workspaceFolders":true}},"clientInfo":{"name":"Visual Studio Code","version":"1.81.1"},"initializationOptions":{"clangdFileStatus":true,"fallbackFlags":[]},"locale":"en-us","processId":13700,"rootPath":"d:\\Jupj\\Cpp_Test","rootUri":"file:///d%3A/Jupj/Cpp_Test","trace":"off","workspaceFolders":[{"name":"Cpp_Test","uri":"file:///d%3A/Jupj/Cpp_Test"}]}}

I[09:58:03.227] <-- initialize(0)
I[09:58:03.249] --> reply:initialize(0) 22 ms
V[09:58:03.249] >>> {"id":0,"jsonrpc":"2.0","result":{"capabilities":{"astProvider":true,"callHierarchyProvider":true,"clangdInlayHintsProvider":true,"codeActionProvider":{"codeActionKinds":["quickfix","refactor","info"]},"compilationDatabase":{"automaticReload":true},"completionProvider":{"resolveProvider":false,"triggerCharacters":[".","<",">",":","\"","/","*"]},"declarationProvider":true,"definitionProvider":true,"documentFormattingProvider":true,"documentHighlightProvider":true,"documentLinkProvider":{"resolveProvider":false},"documentOnTypeFormattingProvider":{"firstTriggerCharacter":"\n","moreTriggerCharacter":[]},"documentRangeFormattingProvider":true,"documentSymbolProvider":true,"executeCommandProvider":{"commands":["clangd.applyFix","clangd.applyTweak"]},"foldingRangeProvider":true,"hoverProvider":true,"implementationProvider":true,"inlayHintProvider":true,"memoryUsageProvider":true,"referencesProvider":true,"renameProvider":{"prepareProvider":true},"selectionRangeProvider":true,"semanticTokensProvider":{"full":{"delta":true},"legend":{"tokenModifiers":["declaration","definition","deprecated","deduced","readonly","static","abstract","virtual","dependentName","defaultLibrary","usedAsMutableReference","usedAsMutablePointer","constructorOrDestructor","userDefined","functionScope","classScope","fileScope","globalScope"],"tokenTypes":["variable","variable","parameter","function","method","function","property","variable","class","interface","enum","enumMember","type","type","unknown","namespace","typeParameter","concept","type","macro","modifier","operator","comment"]},"range":false},"signatureHelpProvider":{"triggerCharacters":["(",")","{","}","<",">",","]},"standardTypeHierarchyProvider":true,"textDocumentSync":{"change":2,"openClose":true,"save":true},"typeDefinitionProvider":true,"typeHierarchyProvider":true,"workspaceSymbolProvider":true},"serverInfo":{"name":"clangd","version":"clangd version 16.0.2 (https://github.com/llvm/llvm-project 18ddebe1a1a9bde349441631365f0472e9693520) windows+grpc x86_64-pc-windows-msvc"}}}

V[09:58:03.832] <<< {"jsonrpc":"2.0","method":"initialized","params":{}}

I[09:58:03.832] <-- initialized
V[09:58:04.224] <<< {"jsonrpc":"2.0","method":"textDocument/didOpen","params":{"textDocument":{"languageId":"cpp","text":"#include <string>\r\n#include <deque>\r\n#include \"stack.h\"\r\n\r\nusing namespace std;\r\n// stack<string> specialization\r\n\r\nvoid Stack<string>::push(const string& element) {\r\n  elements.push_back(element);\r\n}\r\n\r\nvoid Stack<string>::pop() {\r\n  if(elements.empty()) {\r\n    throw std::out_of_range(\"stack<string>::top(): empty stack!\");\r\n    return;\r\n  } else {\r\n    elements.pop_back();\r\n  }\r\n}\r\n\r\nstring Stack<string>::top() {\r\n  if(elements.empty()) {\r\n    throw std::out_of_range(\"stack<string>::top(): empty stack!\");\r\n  } else {\r\n    return elements.back();\r\n  }\r\n}\r\n\r\nsize_t Stack<string>::size() {\r\n  return elements.size();\r\n}","uri":"file:///d%3A/Jupj/Cpp_Test/struct/src/stack.cc","version":1}}}

I[09:58:04.224] <-- textDocument/didOpen
I[09:58:04.315] Failed to find compilation database for d:\Jupj\Cpp_Test\struct\src\stack.cc
I[09:58:04.316] ASTWorker building file d:\Jupj\Cpp_Test\struct\src\stack.cc version 1 with command clangd fallback
[d:\Jupj\Cpp_Test\struct\src]
"D:\\tools\\bin\\clang" "-resource-dir=D:\\tools\\lib\\clang\\16" -- "d:\\Jupj\\Cpp_Test\\struct\\src\\stack.cc"
V[09:58:04.353] Driver produced command: cc1 -cc1 -triple x86_64-pc-windows-msvc19.31.31104 -fsyntax-only -disable-free -clear-ast-before-backend -disable-llvm-verifier -discard-value-names -main-file-name stack.cc -mrelocation-model pic -pic-level 2 -mframe-pointer=none -fmath-errno -ffp-contract=on -fno-rounding-math -mconstructor-aliases -funwind-tables=2 -target-cpu x86-64 -tune-cpu generic -mllvm -treat-scalable-fixed-error-as-warning "-fcoverage-compilation-dir=d:\\Jupj\\Cpp_Test\\struct\\src" -resource-dir "D:\\tools\\lib\\clang\\16" -internal-isystem "D:\\tools\\lib\\clang\\16\\include" -internal-isystem "C:\\Program Files\\Microsoft Visual Studio\\2022\\Community\\VC\\Tools\\MSVC\\14.31.31103\\include" -internal-isystem "C:\\Program Files\\Microsoft Visual Studio\\2022\\Community\\VC\\Tools\\MSVC\\14.31.31103\\atlmfc\\include" -internal-isystem "C:\\Program Files (x86)\\Windows Kits\\10\\Include\\10.0.19041.0\\ucrt" -internal-isystem "C:\\Program Files (x86)\\Windows Kits\\10\\Include\\10.0.19041.0\\shared" -internal-isystem "C:\\Program Files (x86)\\Windows Kits\\10\\Include\\10.0.19041.0\\um" -internal-isystem "C:\\Program Files (x86)\\Windows Kits\\10\\Include\\10.0.19041.0\\winrt" -internal-isystem "C:\\Program Files (x86)\\Windows Kits\\10\\Include\\10.0.19041.0\\cppwinrt" -fdeprecated-macro "-fdebug-compilation-dir=d:\\Jupj\\Cpp_Test\\struct\\src" -ferror-limit 19 -fno-use-cxa-atexit -fms-extensions -fms-compatibility -fms-compatibility-version=19.31.31104 -std=c++14 -fdelayed-template-parsing -fcxx-exceptions -fexceptions -no-round-trip-args -faddrsig -x c++ "d:\\Jupj\\Cpp_Test\\struct\\src\\stack.cc"
I[09:58:04.353] --> textDocument/clangd.fileStatus
V[09:58:04.353] >>> {"jsonrpc":"2.0","method":"textDocument/clangd.fileStatus","params":{"state":"parsing includes, running Update","uri":"file:///d:/Jupj/Cpp_Test/struct/src/stack.cc"}}

V[09:58:04.353] Building first preamble for d:\Jupj\Cpp_Test\struct\src\stack.cc version 1
I[09:58:04.916] Indexing c++14 standard library in the context of d:\Jupj\Cpp_Test\struct\src\stack.cc
V[09:58:05.017] indexed preamble AST for d:\Jupj\Cpp_Test\struct\src\stack.cc version 1:
  symbol slab: 5511 symbols, 1458904 bytes
  ref slab: 0 symbols, 0 refs, 136 bytes
  relations slab: 131 relations, 2421 bytes
V[09:58:05.085] Build dynamic index for header symbols with estimated memory usage of 3342892 bytes
I[09:58:05.095] Built preamble of size 3736064 for file d:\Jupj\Cpp_Test\struct\src\stack.cc version 1 in 0.74 seconds
I[09:58:05.096] --> workspace/semanticTokens/refresh(0)
V[09:58:05.096] >>> {"id":0,"jsonrpc":"2.0","method":"workspace/semanticTokens/refresh","params":null}

I[09:58:05.096] --> textDocument/clangd.fileStatus
V[09:58:05.096] >>> {"jsonrpc":"2.0","method":"textDocument/clangd.fileStatus","params":{"state":"parsing includes, running Build AST","uri":"file:///d:/Jupj/Cpp_Test/struct/src/stack.cc"}}

V[09:58:05.378] <<< {"id":1,"jsonrpc":"2.0","method":"textDocument/documentSymbol","params":{"textDocument":{"uri":"file:///d%3A/Jupj/Cpp_Test/struct/src/stack.cc"}}}

I[09:58:05.378] <-- textDocument/documentSymbol(1)
V[09:58:05.463] <<< {"id":2,"jsonrpc":"2.0","method":"textDocument/codeAction","params":{"context":{"diagnostics":[],"triggerKind":2},"range":{"end":{"character":48,"line":7},"start":{"character":48,"line":7}},"textDocument":{"uri":"file:///d%3A/Jupj/Cpp_Test/struct/src/stack.cc"}}}

I[09:58:05.464] <-- textDocument/codeAction(2)
V[09:58:05.576] <<< {"id":3,"jsonrpc":"2.0","method":"textDocument/codeAction","params":{"context":{"diagnostics":[],"triggerKind":2},"range":{"end":{"character":7,"line":7},"start":{"character":7,"line":7}},"textDocument":{"uri":"file:///d%3A/Jupj/Cpp_Test/struct/src/stack.cc"}}}

I[09:58:05.576] <-- textDocument/codeAction(3)
V[09:58:06.659] Trying to fix unresolved name "Stack" in scopes: [, std::]
V[09:58:06.659] Dex query tree: (LIMIT 10000 (& T=tac T=ack T=sta (| S= S=std::) ?=Restricted For Code Completion))
V[09:58:06.659] Trying to fix unresolved name "Stack" in scopes: [, std::]
V[09:58:06.660] Trying to fix unresolved name "Stack" in scopes: [, std::]
V[09:58:06.660] Trying to fix unresolved name "Stack" in scopes: [, std::]
V[09:58:06.661] indexed file AST for d:\Jupj\Cpp_Test\struct\src\stack.cc version 1:
  symbol slab: 0 symbols, 128 bytes
  ref slab: 0 symbols, 0 refs, 136 bytes
  relations slab: 0 relations, 24 bytes
V[09:58:06.661] Build dynamic index for main-file symbols with estimated memory usage of 264 bytes
I[09:58:06.661] --> textDocument/publishDiagnostics
V[09:58:06.661] >>> {"jsonrpc":"2.0","method":"textDocument/publishDiagnostics","params":{"diagnostics":[{"code":"pp_file_not_found","message":"'stack.h' file not found","range":{"end":{"character":18,"line":2},"start":{"character":9,"line":2}},"relatedInformation":[],"severity":1,"source":"clang"},{"code":"no_template","message":"No template named 'Stack'","range":{"end":{"character":10,"line":7},"start":{"character":5,"line":7}},"relatedInformation":[],"severity":1,"source":"clang"},{"code":"no_template","message":"No template named 'Stack'","range":{"end":{"character":10,"line":11},"start":{"character":5,"line":11}},"relatedInformation":[],"severity":1,"source":"clang"},{"code":"no_template","message":"No template named 'Stack'","range":{"end":{"character":12,"line":20},"start":{"character":7,"line":20}},"relatedInformation":[],"severity":1,"source":"clang"},{"code":"no_template","message":"No template named 'Stack'","range":{"end":{"character":12,"line":28},"start":{"character":7,"line":28}},"relatedInformation":[],"severity":1,"source":"clang"}],"uri":"file:///d:/Jupj/Cpp_Test/struct/src/stack.cc","version":1}}

V[09:58:06.661] ASTWorker running DocumentSymbols on version 1 of d:\Jupj\Cpp_Test\struct\src\stack.cc
I[09:58:06.661] --> reply:textDocument/documentSymbol(1) 1283 ms
V[09:58:06.661] >>> {"id":1,"jsonrpc":"2.0","result":[{"kind":13,"name":"using namespace std","range":{"end":{"character":19,"line":4},"start":{"character":0,"line":4}},"selectionRange":{"end":{"character":19,"line":4},"start":{"character":16,"line":4}}}]}

V[09:58:06.661] ASTWorker running EnumerateTweaks on version 1 of d:\Jupj\Cpp_Test\struct\src\stack.cc
I[09:58:06.661] --> reply:textDocument/codeAction(2) 1197 ms
V[09:58:06.661] >>> {"id":2,"jsonrpc":"2.0","result":[]}

V[09:58:06.661] ASTWorker running EnumerateTweaks on version 1 of d:\Jupj\Cpp_Test\struct\src\stack.cc
I[09:58:06.661] --> reply:textDocument/codeAction(3) 1085 ms
V[09:58:06.661] >>> {"id":3,"jsonrpc":"2.0","result":[]}

I[09:58:06.661] --> textDocument/clangd.fileStatus
V[09:58:06.661] >>> {"jsonrpc":"2.0","method":"textDocument/clangd.fileStatus","params":{"state":"idle","uri":"file:///d:/Jupj/Cpp_Test/struct/src/stack.cc"}}

V[09:58:06.750] <<< {"id":4,"jsonrpc":"2.0","method":"textDocument/inlayHint","params":{"range":{"end":{"character":1,"line":30},"start":{"character":0,"line":0}},"textDocument":{"uri":"file:///d%3A/Jupj/Cpp_Test/struct/src/stack.cc"}}}

I[09:58:06.750] <-- textDocument/inlayHint(4)
V[09:58:06.750] ASTWorker running InlayHints on version 1 of d:\Jupj\Cpp_Test\struct\src\stack.cc
I[09:58:06.750] --> reply:textDocument/inlayHint(4) 0 ms
V[09:58:06.750] >>> {"id":4,"jsonrpc":"2.0","result":[]}

I[09:58:06.750] --> textDocument/clangd.fileStatus
V[09:58:06.750] >>> {"jsonrpc":"2.0","method":"textDocument/clangd.fileStatus","params":{"state":"idle","uri":"file:///d:/Jupj/Cpp_Test/struct/src/stack.cc"}}

V[09:58:06.828] <<< {"id":5,"jsonrpc":"2.0","method":"textDocument/inlayHint","params":{"range":{"end":{"character":1,"line":30},"start":{"character":0,"line":0}},"textDocument":{"uri":"file:///d%3A/Jupj/Cpp_Test/struct/src/stack.cc"}}}

I[09:58:06.828] <-- textDocument/inlayHint(5)
V[09:58:06.828] ASTWorker running InlayHints on version 1 of d:\Jupj\Cpp_Test\struct\src\stack.cc
I[09:58:06.828] --> reply:textDocument/inlayHint(5) 0 ms
V[09:58:06.828] >>> {"id":5,"jsonrpc":"2.0","result":[]}

I[09:58:06.828] --> textDocument/clangd.fileStatus
V[09:58:06.828] >>> {"jsonrpc":"2.0","method":"textDocument/clangd.fileStatus","params":{"state":"idle","uri":"file:///d:/Jupj/Cpp_Test/struct/src/stack.cc"}}

V[09:58:07.034] <<< {"id":6,"jsonrpc":"2.0","method":"textDocument/documentLink","params":{"textDocument":{"uri":"file:///d%3A/Jupj/Cpp_Test/struct/src/stack.cc"}}}

I[09:58:07.034] <-- textDocument/documentLink(6)
V[09:58:07.035] ASTWorker running DocumentLinks on version 1 of d:\Jupj\Cpp_Test\struct\src\stack.cc
I[09:58:07.035] --> reply:textDocument/documentLink(6) 0 ms
V[09:58:07.035] >>> {"id":6,"jsonrpc":"2.0","result":[{"range":{"end":{"character":17,"line":0},"start":{"character":9,"line":0}},"target":"file:///C:/Program%20Files/Microsoft%20Visual%20Studio/2022/Community/VC/Tools/MSVC/14.31.31103/include/string"},{"range":{"end":{"character":16,"line":1},"start":{"character":9,"line":1}},"target":"file:///C:/Program%20Files/Microsoft%20Visual%20Studio/2022/Community/VC/Tools/MSVC/14.31.31103/include/deque"}]}

I[09:58:07.035] --> textDocument/clangd.fileStatus
V[09:58:07.035] >>> {"jsonrpc":"2.0","method":"textDocument/clangd.fileStatus","params":{"state":"idle","uri":"file:///d:/Jupj/Cpp_Test/struct/src/stack.cc"}}

V[09:58:07.064] <<< {"id":7,"jsonrpc":"2.0","method":"textDocument/documentLink","params":{"textDocument":{"uri":"file:///d%3A/Jupj/Cpp_Test/struct/src/stack.cc"}}}

I[09:58:07.064] <-- textDocument/documentLink(7)
V[09:58:07.064] ASTWorker running DocumentLinks on version 1 of d:\Jupj\Cpp_Test\struct\src\stack.cc
I[09:58:07.064] --> reply:textDocument/documentLink(7) 0 ms
V[09:58:07.064] >>> {"id":7,"jsonrpc":"2.0","result":[{"range":{"end":{"character":17,"line":0},"start":{"character":9,"line":0}},"target":"file:///C:/Program%20Files/Microsoft%20Visual%20Studio/2022/Community/VC/Tools/MSVC/14.31.31103/include/string"},{"range":{"end":{"character":16,"line":1},"start":{"character":9,"line":1}},"target":"file:///C:/Program%20Files/Microsoft%20Visual%20Studio/2022/Community/VC/Tools/MSVC/14.31.31103/include/deque"}]}

I[09:58:07.064] --> textDocument/clangd.fileStatus
V[09:58:07.064] >>> {"jsonrpc":"2.0","method":"textDocument/clangd.fileStatus","params":{"state":"idle","uri":"file:///d:/Jupj/Cpp_Test/struct/src/stack.cc"}}

V[09:58:07.066] <<< {"id":8,"jsonrpc":"2.0","method":"textDocument/foldingRange","params":{"textDocument":{"uri":"file:///d%3A/Jupj/Cpp_Test/struct/src/stack.cc"}}}

I[09:58:07.066] <-- textDocument/foldingRange(8)
V[09:58:07.067] <<< {"id":9,"jsonrpc":"2.0","method":"textDocument/foldingRange","params":{"textDocument":{"uri":"file:///d%3A/Jupj/Cpp_Test/struct/src/stack.cc"}}}

I[09:58:07.067] <-- textDocument/foldingRange(9)
V[09:58:07.067] <<< {"id":10,"jsonrpc":"2.0","method":"textDocument/semanticTokens/full","params":{"textDocument":{"uri":"file:///d%3A/Jupj/Cpp_Test/struct/src/stack.cc"}}}

I[09:58:07.067] <-- textDocument/semanticTokens/full(10)
V[09:58:07.067] ASTWorker running SemanticHighlights on version 1 of d:\Jupj\Cpp_Test\struct\src\stack.cc
I[09:58:07.067] --> reply:textDocument/semanticTokens/full(10) 0 ms
V[09:58:07.067] >>> {"id":10,"jsonrpc":"2.0","result":{"data":[4,16,3,15,131584],"resultId":"1"}}

I[09:58:07.067] --> textDocument/clangd.fileStatus
V[09:58:07.067] >>> {"jsonrpc":"2.0","method":"textDocument/clangd.fileStatus","params":{"state":"idle","uri":"file:///d:/Jupj/Cpp_Test/struct/src/stack.cc"}}

V[09:58:07.067] <<< {"id":0,"jsonrpc":"2.0","result":null}

I[09:58:07.067] <-- reply(0)
I[09:58:07.161] --> reply:textDocument/foldingRange(8) 94 ms
V[09:58:07.161] >>> {"id":8,"jsonrpc":"2.0","result":[{"endLine":8,"kind":"region","startCharacter":49,"startLine":7},{"endLine":17,"kind":"region","startCharacter":27,"startLine":11},{"endCharacter":2,"endLine":14,"kind":"region","startCharacter":24,"startLine":12},{"endCharacter":2,"endLine":16,"kind":"region","startCharacter":10,"startLine":15},{"endLine":25,"kind":"region","startCharacter":29,"startLine":20},{"endCharacter":2,"endLine":22,"kind":"region","startCharacter":24,"startLine":21},{"endCharacter":2,"endLine":24,"kind":"region","startCharacter":10,"startLine":23},{"endLine":29,"kind":"region","startCharacter":30,"startLine":28}]}

I[09:58:07.175] --> reply:textDocument/foldingRange(9) 108 ms
V[09:58:07.175] >>> {"id":9,"jsonrpc":"2.0","result":[{"endLine":8,"kind":"region","startCharacter":49,"startLine":7},{"endLine":17,"kind":"region","startCharacter":27,"startLine":11},{"endCharacter":2,"endLine":14,"kind":"region","startCharacter":24,"startLine":12},{"endCharacter":2,"endLine":16,"kind":"region","startCharacter":10,"startLine":15},{"endLine":25,"kind":"region","startCharacter":29,"startLine":20},{"endCharacter":2,"endLine":22,"kind":"region","startCharacter":24,"startLine":21},{"endCharacter":2,"endLine":24,"kind":"region","startCharacter":10,"startLine":23},{"endLine":29,"kind":"region","startCharacter":30,"startLine":28}]}

V[09:58:07.178] <<< {"id":11,"jsonrpc":"2.0","method":"textDocument/codeAction","params":{"context":{"diagnostics":[],"triggerKind":2},"range":{"end":{"character":48,"line":7},"start":{"character":48,"line":7}},"textDocument":{"uri":"file:///d%3A/Jupj/Cpp_Test/struct/src/stack.cc"}}}

I[09:58:07.179] <-- textDocument/codeAction(11)
V[09:58:07.179] ASTWorker running EnumerateTweaks on version 1 of d:\Jupj\Cpp_Test\struct\src\stack.cc
I[09:58:07.179] --> reply:textDocument/codeAction(11) 0 ms
V[09:58:07.179] >>> {"id":11,"jsonrpc":"2.0","result":[]}

I[09:58:07.179] --> textDocument/clangd.fileStatus
V[09:58:07.179] >>> {"jsonrpc":"2.0","method":"textDocument/clangd.fileStatus","params":{"state":"idle","uri":"file:///d:/Jupj/Cpp_Test/struct/src/stack.cc"}}

V[09:58:07.181] <<< {"id":12,"jsonrpc":"2.0","method":"textDocument/codeAction","params":{"context":{"diagnostics":[{"code":"no_template","message":"No template named 'Stack'","range":{"end":{"character":10,"line":7},"start":{"character":5,"line":7}},"relatedInformation":[],"severity":1,"source":"clang"}],"triggerKind":2},"range":{"end":{"character":7,"line":7},"start":{"character":7,"line":7}},"textDocument":{"uri":"file:///d%3A/Jupj/Cpp_Test/struct/src/stack.cc"}}}

I[09:58:07.181] <-- textDocument/codeAction(12)
V[09:58:07.181] ASTWorker running EnumerateTweaks on version 1 of d:\Jupj\Cpp_Test\struct\src\stack.cc
I[09:58:07.181] --> reply:textDocument/codeAction(12) 0 ms
V[09:58:07.181] >>> {"id":12,"jsonrpc":"2.0","result":[]}

I[09:58:07.181] --> textDocument/clangd.fileStatus
V[09:58:07.181] >>> {"jsonrpc":"2.0","method":"textDocument/clangd.fileStatus","params":{"state":"idle","uri":"file:///d:/Jupj/Cpp_Test/struct/src/stack.cc"}}

I[09:58:07.893] Indexed c++14 standard library: 9585 symbols, 3236 filtered
V[09:58:08.012] Build dynamic index for header symbols with estimated memory usage of 6776528 bytes
V[09:58:08.802] <<< {"id":13,"jsonrpc":"2.0","method":"textDocument/semanticTokens/full/delta","params":{"previousResultId":"1","textDocument":{"uri":"file:///d%3A/Jupj/Cpp_Test/struct/src/stack.cc"}}}

I[09:58:08.802] <-- textDocument/semanticTokens/full/delta(13)
V[09:58:08.806] ASTWorker running SemanticHighlights on version 1 of d:\Jupj\Cpp_Test\struct\src\stack.cc
I[09:58:08.807] --> reply:textDocument/semanticTokens/full/delta(13) 4 ms
V[09:58:08.807] >>> {"id":13,"jsonrpc":"2.0","result":{"edits":[],"resultId":"2"}}

I[09:58:08.807] --> textDocument/clangd.fileStatus
V[09:58:08.807] >>> {"jsonrpc":"2.0","method":"textDocument/clangd.fileStatus","params":{"state":"idle","uri":"file:///d:/Jupj/Cpp_Test/struct/src/stack.cc"}}

V[09:58:08.839] <<< {"id":14,"jsonrpc":"2.0","method":"textDocument/inlayHint","params":{"range":{"end":{"character":1,"line":30},"start":{"character":0,"line":0}},"textDocument":{"uri":"file:///d%3A/Jupj/Cpp_Test/struct/src/stack.cc"}}}

I[09:58:08.839] <-- textDocument/inlayHint(14)
V[09:58:08.839] ASTWorker running InlayHints on version 1 of d:\Jupj\Cpp_Test\struct\src\stack.cc
I[09:58:08.839] --> reply:textDocument/inlayHint(14) 0 ms
V[09:58:08.839] >>> {"id":14,"jsonrpc":"2.0","result":[]}

I[09:58:08.839] --> textDocument/clangd.fileStatus
V[09:58:08.839] >>> {"jsonrpc":"2.0","method":"textDocument/clangd.fileStatus","params":{"state":"idle","uri":"file:///d:/Jupj/Cpp_Test/struct/src/stack.cc"}}

V[09:58:08.856] <<< {"id":15,"jsonrpc":"2.0","method":"textDocument/inlayHint","params":{"range":{"end":{"character":1,"line":30},"start":{"character":0,"line":0}},"textDocument":{"uri":"file:///d%3A/Jupj/Cpp_Test/struct/src/stack.cc"}}}

I[09:58:08.856] <-- textDocument/inlayHint(15)
V[09:58:08.856] ASTWorker running InlayHints on version 1 of d:\Jupj\Cpp_Test\struct\src\stack.cc
I[09:58:08.856] --> reply:textDocument/inlayHint(15) 0 ms
V[09:58:08.856] >>> {"id":15,"jsonrpc":"2.0","result":[]}

I[09:58:08.856] --> textDocument/clangd.fileStatus
V[09:58:08.856] >>> {"jsonrpc":"2.0","method":"textDocument/clangd.fileStatus","params":{"state":"idle","uri":"file:///d:/Jupj/Cpp_Test/struct/src/stack.cc"}}

V[09:58:08.861] <<< {"id":16,"jsonrpc":"2.0","method":"textDocument/codeAction","params":{"context":{"diagnostics":[],"triggerKind":2},"range":{"end":{"character":48,"line":7},"start":{"character":48,"line":7}},"textDocument":{"uri":"file:///d%3A/Jupj/Cpp_Test/struct/src/stack.cc"}}}

I[09:58:08.862] <-- textDocument/codeAction(16)
V[09:58:08.862] ASTWorker running EnumerateTweaks on version 1 of d:\Jupj\Cpp_Test\struct\src\stack.cc
I[09:58:08.862] --> reply:textDocument/codeAction(16) 0 ms
V[09:58:08.862] >>> {"id":16,"jsonrpc":"2.0","result":[]}

I[09:58:08.862] --> textDocument/clangd.fileStatus
V[09:58:08.862] >>> {"jsonrpc":"2.0","method":"textDocument/clangd.fileStatus","params":{"state":"idle","uri":"file:///d:/Jupj/Cpp_Test/struct/src/stack.cc"}}

V[09:58:08.863] <<< {"id":17,"jsonrpc":"2.0","method":"textDocument/codeAction","params":{"context":{"diagnostics":[{"code":"no_template","message":"No template named 'Stack'","range":{"end":{"character":10,"line":7},"start":{"character":5,"line":7}},"relatedInformation":[],"severity":1,"source":"clang"}],"triggerKind":2},"range":{"end":{"character":7,"line":7},"start":{"character":7,"line":7}},"textDocument":{"uri":"file:///d%3A/Jupj/Cpp_Test/struct/src/stack.cc"}}}

I[09:58:08.864] <-- textDocument/codeAction(17)
V[09:58:08.864] ASTWorker running EnumerateTweaks on version 1 of d:\Jupj\Cpp_Test\struct\src\stack.cc
I[09:58:08.864] --> reply:textDocument/codeAction(17) 0 ms
V[09:58:08.864] >>> {"id":17,"jsonrpc":"2.0","result":[]}

I[09:58:08.864] --> textDocument/clangd.fileStatus
V[09:58:08.864] >>> {"jsonrpc":"2.0","method":"textDocument/clangd.fileStatus","params":{"state":"idle","uri":"file:///d:/Jupj/Cpp_Test/struct/src/stack.cc"}}

V[09:58:08.927] <<< {"id":18,"jsonrpc":"2.0","method":"textDocument/inlayHint","params":{"range":{"end":{"character":1,"line":30},"start":{"character":0,"line":0}},"textDocument":{"uri":"file:///d%3A/Jupj/Cpp_Test/struct/src/stack.cc"}}}

I[09:58:08.927] <-- textDocument/inlayHint(18)
V[09:58:08.927] ASTWorker running InlayHints on version 1 of d:\Jupj\Cpp_Test\struct\src\stack.cc
I[09:58:08.927] --> reply:textDocument/inlayHint(18) 0 ms
V[09:58:08.927] >>> {"id":18,"jsonrpc":"2.0","result":[]}

I[09:58:08.927] --> textDocument/clangd.fileStatus
V[09:58:08.927] >>> {"jsonrpc":"2.0","method":"textDocument/clangd.fileStatus","params":{"state":"idle","uri":"file:///d:/Jupj/Cpp_Test/struct/src/stack.cc"}}

V[09:58:08.934] <<< {"id":19,"jsonrpc":"2.0","method":"textDocument/inlayHint","params":{"range":{"end":{"character":1,"line":30},"start":{"character":0,"line":0}},"textDocument":{"uri":"file:///d%3A/Jupj/Cpp_Test/struct/src/stack.cc"}}}

I[09:58:08.935] <-- textDocument/inlayHint(19)
V[09:58:08.935] ASTWorker running InlayHints on version 1 of d:\Jupj\Cpp_Test\struct\src\stack.cc
I[09:58:08.935] --> reply:textDocument/inlayHint(19) 0 ms
V[09:58:08.935] >>> {"id":19,"jsonrpc":"2.0","result":[]}

I[09:58:08.935] --> textDocument/clangd.fileStatus
V[09:58:08.935] >>> {"jsonrpc":"2.0","method":"textDocument/clangd.fileStatus","params":{"state":"idle","uri":"file:///d:/Jupj/Cpp_Test/struct/src/stack.cc"}}

V[09:58:09.197] <<< {"id":20,"jsonrpc":"2.0","method":"textDocument/foldingRange","params":{"textDocument":{"uri":"file:///d%3A/Jupj/Cpp_Test/struct/src/stack.cc"}}}

I[09:58:09.197] <-- textDocument/foldingRange(20)
V[09:58:09.198] <<< {"id":21,"jsonrpc":"2.0","method":"textDocument/foldingRange","params":{"textDocument":{"uri":"file:///d%3A/Jupj/Cpp_Test/struct/src/stack.cc"}}}

I[09:58:09.198] <-- textDocument/foldingRange(21)
I[09:58:09.258] --> reply:textDocument/foldingRange(20) 60 ms
V[09:58:09.258] >>> {"id":20,"jsonrpc":"2.0","result":[{"endLine":8,"kind":"region","startCharacter":49,"startLine":7},{"endLine":17,"kind":"region","startCharacter":27,"startLine":11},{"endCharacter":2,"endLine":14,"kind":"region","startCharacter":24,"startLine":12},{"endCharacter":2,"endLine":16,"kind":"region","startCharacter":10,"startLine":15},{"endLine":25,"kind":"region","startCharacter":29,"startLine":20},{"endCharacter":2,"endLine":22,"kind":"region","startCharacter":24,"startLine":21},{"endCharacter":2,"endLine":24,"kind":"region","startCharacter":10,"startLine":23},{"endLine":29,"kind":"region","startCharacter":30,"startLine":28}]}

I[09:58:09.275] --> reply:textDocument/foldingRange(21) 77 ms
V[09:58:09.275] >>> {"id":21,"jsonrpc":"2.0","result":[{"endLine":8,"kind":"region","startCharacter":49,"startLine":7},{"endLine":17,"kind":"region","startCharacter":27,"startLine":11},{"endCharacter":2,"endLine":14,"kind":"region","startCharacter":24,"startLine":12},{"endCharacter":2,"endLine":16,"kind":"region","startCharacter":10,"startLine":15},{"endLine":25,"kind":"region","startCharacter":29,"startLine":20},{"endCharacter":2,"endLine":22,"kind":"region","startCharacter":24,"startLine":21},{"endCharacter":2,"endLine":24,"kind":"region","startCharacter":10,"startLine":23},{"endLine":29,"kind":"region","startCharacter":30,"startLine":28}]}

V[09:58:09.311] <<< {"id":22,"jsonrpc":"2.0","method":"textDocument/semanticTokens/full/delta","params":{"previousResultId":"2","textDocument":{"uri":"file:///d%3A/Jupj/Cpp_Test/struct/src/stack.cc"}}}

I[09:58:09.311] <-- textDocument/semanticTokens/full/delta(22)
V[09:58:09.312] ASTWorker running SemanticHighlights on version 1 of d:\Jupj\Cpp_Test\struct\src\stack.cc
I[09:58:09.312] --> reply:textDocument/semanticTokens/full/delta(22) 0 ms
V[09:58:09.312] >>> {"id":22,"jsonrpc":"2.0","result":{"edits":[],"resultId":"3"}}

I[09:58:09.312] --> textDocument/clangd.fileStatus
V[09:58:09.312] >>> {"jsonrpc":"2.0","method":"textDocument/clangd.fileStatus","params":{"state":"idle","uri":"file:///d:/Jupj/Cpp_Test/struct/src/stack.cc"}}

V[09:58:09.949] <<< {"id":23,"jsonrpc":"2.0","method":"textDocument/documentLink","params":{"textDocument":{"uri":"file:///d%3A/Jupj/Cpp_Test/struct/src/stack.cc"}}}

I[09:58:09.949] <-- textDocument/documentLink(23)
V[09:58:09.949] ASTWorker running DocumentLinks on version 1 of d:\Jupj\Cpp_Test\struct\src\stack.cc
I[09:58:09.949] --> reply:textDocument/documentLink(23) 0 ms
V[09:58:09.949] >>> {"id":23,"jsonrpc":"2.0","result":[{"range":{"end":{"character":17,"line":0},"start":{"character":9,"line":0}},"target":"file:///C:/Program%20Files/Microsoft%20Visual%20Studio/2022/Community/VC/Tools/MSVC/14.31.31103/include/string"},{"range":{"end":{"character":16,"line":1},"start":{"character":9,"line":1}},"target":"file:///C:/Program%20Files/Microsoft%20Visual%20Studio/2022/Community/VC/Tools/MSVC/14.31.31103/include/deque"}]}

I[09:58:09.949] --> textDocument/clangd.fileStatus
V[09:58:09.949] >>> {"jsonrpc":"2.0","method":"textDocument/clangd.fileStatus","params":{"state":"idle","uri":"file:///d:/Jupj/Cpp_Test/struct/src/stack.cc"}}

V[09:58:09.988] <<< {"id":24,"jsonrpc":"2.0","method":"textDocument/documentLink","params":{"textDocument":{"uri":"file:///d%3A/Jupj/Cpp_Test/struct/src/stack.cc"}}}

I[09:58:09.988] <-- textDocument/documentLink(24)
V[09:58:09.989] ASTWorker running DocumentLinks on version 1 of d:\Jupj\Cpp_Test\struct\src\stack.cc
I[09:58:09.989] --> reply:textDocument/documentLink(24) 1 ms
V[09:58:09.989] >>> {"id":24,"jsonrpc":"2.0","result":[{"range":{"end":{"character":17,"line":0},"start":{"character":9,"line":0}},"target":"file:///C:/Program%20Files/Microsoft%20Visual%20Studio/2022/Community/VC/Tools/MSVC/14.31.31103/include/string"},{"range":{"end":{"character":16,"line":1},"start":{"character":9,"line":1}},"target":"file:///C:/Program%20Files/Microsoft%20Visual%20Studio/2022/Community/VC/Tools/MSVC/14.31.31103/include/deque"}]}

I[09:58:09.989] --> textDocument/clangd.fileStatus
V[09:58:09.989] >>> {"jsonrpc":"2.0","method":"textDocument/clangd.fileStatus","params":{"state":"idle","uri":"file:///d:/Jupj/Cpp_Test/struct/src/stack.cc"}}

V[09:58:10.412] <<< {"id":25,"jsonrpc":"2.0","method":"textDocument/documentLink","params":{"textDocument":{"uri":"file:///d%3A/Jupj/Cpp_Test/struct/src/stack.cc"}}}

I[09:58:10.412] <-- textDocument/documentLink(25)
V[09:58:10.413] ASTWorker running DocumentLinks on version 1 of d:\Jupj\Cpp_Test\struct\src\stack.cc
I[09:58:10.413] --> reply:textDocument/documentLink(25) 0 ms
V[09:58:10.413] >>> {"id":25,"jsonrpc":"2.0","result":[{"range":{"end":{"character":17,"line":0},"start":{"character":9,"line":0}},"target":"file:///C:/Program%20Files/Microsoft%20Visual%20Studio/2022/Community/VC/Tools/MSVC/14.31.31103/include/string"},{"range":{"end":{"character":16,"line":1},"start":{"character":9,"line":1}},"target":"file:///C:/Program%20Files/Microsoft%20Visual%20Studio/2022/Community/VC/Tools/MSVC/14.31.31103/include/deque"}]}

I[09:58:10.413] --> textDocument/clangd.fileStatus
V[09:58:10.413] >>> {"jsonrpc":"2.0","method":"textDocument/clangd.fileStatus","params":{"state":"idle","uri":"file:///d:/Jupj/Cpp_Test/struct/src/stack.cc"}}

V[09:58:10.413] <<< {"id":26,"jsonrpc":"2.0","method":"textDocument/documentLink","params":{"textDocument":{"uri":"file:///d%3A/Jupj/Cpp_Test/struct/src/stack.cc"}}}

I[09:58:10.413] <-- textDocument/documentLink(26)
V[09:58:10.413] ASTWorker running DocumentLinks on version 1 of d:\Jupj\Cpp_Test\struct\src\stack.cc
I[09:58:10.414] --> reply:textDocument/documentLink(26) 0 ms
V[09:58:10.414] >>> {"id":26,"jsonrpc":"2.0","result":[{"range":{"end":{"character":17,"line":0},"start":{"character":9,"line":0}},"target":"file:///C:/Program%20Files/Microsoft%20Visual%20Studio/2022/Community/VC/Tools/MSVC/14.31.31103/include/string"},{"range":{"end":{"character":16,"line":1},"start":{"character":9,"line":1}},"target":"file:///C:/Program%20Files/Microsoft%20Visual%20Studio/2022/Community/VC/Tools/MSVC/14.31.31103/include/deque"}]}

I[09:58:10.414] --> textDocument/clangd.fileStatus
V[09:58:10.414] >>> {"jsonrpc":"2.0","method":"textDocument/clangd.fileStatus","params":{"state":"idle","uri":"file:///d:/Jupj/Cpp_Test/struct/src/stack.cc"}}

V[09:58:10.717] <<< {"id":27,"jsonrpc":"2.0","method":"textDocument/foldingRange","params":{"textDocument":{"uri":"file:///d%3A/Jupj/Cpp_Test/struct/src/stack.cc"}}}

I[09:58:10.717] <-- textDocument/foldingRange(27)
V[09:58:10.717] <<< {"id":28,"jsonrpc":"2.0","method":"textDocument/foldingRange","params":{"textDocument":{"uri":"file:///d%3A/Jupj/Cpp_Test/struct/src/stack.cc"}}}

I[09:58:10.717] <-- textDocument/foldingRange(28)
I[09:58:10.744] --> reply:textDocument/foldingRange(27) 27 ms
V[09:58:10.744] >>> {"id":27,"jsonrpc":"2.0","result":[{"endLine":8,"kind":"region","startCharacter":49,"startLine":7},{"endLine":17,"kind":"region","startCharacter":27,"startLine":11},{"endCharacter":2,"endLine":14,"kind":"region","startCharacter":24,"startLine":12},{"endCharacter":2,"endLine":16,"kind":"region","startCharacter":10,"startLine":15},{"endLine":25,"kind":"region","startCharacter":29,"startLine":20},{"endCharacter":2,"endLine":22,"kind":"region","startCharacter":24,"startLine":21},{"endCharacter":2,"endLine":24,"kind":"region","startCharacter":10,"startLine":23},{"endLine":29,"kind":"region","startCharacter":30,"startLine":28}]}

I[09:58:10.751] --> reply:textDocument/foldingRange(28) 34 ms
V[09:58:10.751] >>> {"id":28,"jsonrpc":"2.0","result":[{"endLine":8,"kind":"region","startCharacter":49,"startLine":7},{"endLine":17,"kind":"region","startCharacter":27,"startLine":11},{"endCharacter":2,"endLine":14,"kind":"region","startCharacter":24,"startLine":12},{"endCharacter":2,"endLine":16,"kind":"region","startCharacter":10,"startLine":15},{"endLine":25,"kind":"region","startCharacter":29,"startLine":20},{"endCharacter":2,"endLine":22,"kind":"region","startCharacter":24,"startLine":21},{"endCharacter":2,"endLine":24,"kind":"region","startCharacter":10,"startLine":23},{"endLine":29,"kind":"region","startCharacter":30,"startLine":28}]}

V[09:59:04.286] <<< {"id":29,"jsonrpc":"2.0","method":"textDocument/hover","params":{"position":{"character":60,"line":22},"textDocument":{"uri":"file:///d%3A/Jupj/Cpp_Test/struct/src/stack.cc"}}}

I[09:59:04.286] <-- textDocument/hover(29)
V[09:59:04.287] ASTWorker running Hover on version 1 of d:\Jupj\Cpp_Test\struct\src\stack.cc
I[09:59:04.288] --> reply:textDocument/hover(29) 2 ms
V[09:59:04.288] >>> {"id":29,"jsonrpc":"2.0","result":null}

I[09:59:04.288] --> textDocument/clangd.fileStatus
V[09:59:04.288] >>> {"jsonrpc":"2.0","method":"textDocument/clangd.fileStatus","params":{"state":"idle","uri":"file:///d:/Jupj/Cpp_Test/struct/src/stack.cc"}}

V[09:59:04.624] <<< {"id":30,"jsonrpc":"2.0","method":"textDocument/hover","params":{"position":{"character":58,"line":22},"textDocument":{"uri":"file:///d%3A/Jupj/Cpp_Test/struct/src/stack.cc"}}}

I[09:59:04.624] <-- textDocument/hover(30)
V[09:59:04.624] ASTWorker running Hover on version 1 of d:\Jupj\Cpp_Test\struct\src\stack.cc
I[09:59:04.626] --> reply:textDocument/hover(30) 1 ms
V[09:59:04.626] >>> {"id":30,"jsonrpc":"2.0","result":null}

I[09:59:04.626] --> textDocument/clangd.fileStatus
V[09:59:04.626] >>> {"jsonrpc":"2.0","method":"textDocument/clangd.fileStatus","params":{"state":"idle","uri":"file:///d:/Jupj/Cpp_Test/struct/src/stack.cc"}}

V[10:00:25.885] <<< {"id":31,"jsonrpc":"2.0","method":"textDocument/codeAction","params":{"context":{"diagnostics":[],"triggerKind":2},"range":{"end":{"character":0,"line":30},"start":{"character":0,"line":30}},"textDocument":{"uri":"file:///d%3A/Jupj/Cpp_Test/struct/src/stack.cc"}}}

I[10:00:25.885] <-- textDocument/codeAction(31)
V[10:00:25.888] ASTWorker running EnumerateTweaks on version 1 of d:\Jupj\Cpp_Test\struct\src\stack.cc
I[10:00:25.888] --> reply:textDocument/codeAction(31) 2 ms
V[10:00:25.888] >>> {"id":31,"jsonrpc":"2.0","result":[]}

I[10:00:25.888] --> textDocument/clangd.fileStatus
V[10:00:25.888] >>> {"jsonrpc":"2.0","method":"textDocument/clangd.fileStatus","params":{"state":"idle","uri":"file:///d:/Jupj/Cpp_Test/struct/src/stack.cc"}}